<?xml version="1.0" encoding="UTF-8"?>
<testng-results ignored="0" total="3" passed="3" failed="0" skipped="0">
  <reporter-output>
  </reporter-output>
  <suite started-at="2021-03-23T09:30:15Z" name="Default suite" finished-at="2021-03-23T09:30:45Z" duration-ms="30068">
    <groups>
    </groups>
    <test started-at="2021-03-23T09:30:15Z" name="Default test" finished-at="2021-03-23T09:30:45Z" duration-ms="30068">
      <class name="chromeDevToolsMobileViewPort.ChromeDevToolsMobileViewPortTest">
        <test-method signature="ChromeDevToolsMobileViewPortTest_02()[pri:1, instance:chromeDevToolsMobileViewPort.ChromeDevToolsMobileViewPortTest@398dada8]" started-at="2021-03-23T09:30:15Z" name="ChromeDevToolsMobileViewPortTest_02" finished-at="2021-03-23T09:30:26Z" duration-ms="11163" status="PASS">
          <reporter-output>
          </reporter-output>
        </test-method> <!-- ChromeDevToolsMobileViewPortTest_02 -->
        <test-method signature="ChromeDevToolsMobileViewPortTest_01()[pri:2, instance:chromeDevToolsMobileViewPort.ChromeDevToolsMobileViewPortTest@398dada8]" started-at="2021-03-23T09:30:26Z" name="ChromeDevToolsMobileViewPortTest_01" finished-at="2021-03-23T09:30:36Z" duration-ms="10310" status="PASS">
          <reporter-output>
          </reporter-output>
        </test-method> <!-- ChromeDevToolsMobileViewPortTest_01 -->
        <test-method signature="ChromeDevToolsMobileViewPortTest_03()[pri:3, instance:chromeDevToolsMobileViewPort.ChromeDevToolsMobileViewPortTest@398dada8]" started-at="2021-03-23T09:30:36Z" name="ChromeDevToolsMobileViewPortTest_03" finished-at="2021-03-23T09:30:45Z" duration-ms="8546" status="PASS">
          <reporter-output>
          </reporter-output>
        </test-method> <!-- ChromeDevToolsMobileViewPortTest_03 -->
      </class> <!-- chromeDevToolsMobileViewPort.ChromeDevToolsMobileViewPortTest -->
    </test> <!-- Default test -->
  </suite> <!-- Default suite -->
</testng-results>
