<?xml version="1.0" encoding="UTF-8"?>
<!-- Generated by org.testng.reporters.JUnitXMLReporter -->
<testsuite ignored="0" hostname="CS-RAFILAP" failures="0" tests="3" name="Default test" time="30.068" errors="0" timestamp="23 Mar 2021 09:30:45 GMT">
  <testcase classname="chromeDevToolsMobileViewPort.ChromeDevToolsMobileViewPortTest" name="ChromeDevToolsMobileViewPortTest_02" time="11.163"/>
  <testcase classname="chromeDevToolsMobileViewPort.ChromeDevToolsMobileViewPortTest" name="ChromeDevToolsMobileViewPortTest_01" time="10.31"/>
  <testcase classname="chromeDevToolsMobileViewPort.ChromeDevToolsMobileViewPortTest" name="ChromeDevToolsMobileViewPortTest_03" time="8.546"/>
</testsuite> <!-- Default test -->
